MO Chemicals Internal Trade Ledger
Director Node: H.Wells
Auto-archive: OFF
Manual overrides: ENABLED

Batch A12-441
Origin: Helix Extraction & Reclamation Coop
Declared Content: Industrial Purification Grade Reactive Solvent Base
Quantity: 32 Alloy-Sealed Chem Drums (180L)
Status: Processed
Adjustment: None

Batch A12-442
Origin: Helix Extraction & Reclamation Coop
Declared Content: Industrial Purification Grade Reactive Solvent Base
Quantity: 32 Alloy-Sealed Chem Drums (180L)
Status: Processed
Adjustment: Intake Weight Correction (-780 KG)
Authorization: H.Wells

Batch A13-118
Origin: Titan Chemcombine
Declared Content: Catalyst Stabilizer Compound
Quantity: 20 Reinforced Cryo-Barrels (250L)
Status: Routed to Annex 7
Adjustment: None

Batch A13-119
Origin: Titan Chemcombine
Declared Content: Catalyst Stabilizer Compound
Quantity: 20 Reinforced Cryo-Barrels (250L)
Status: Annex 7 Intake
Adjustment: Calibration Variance Applied
Authorization: H.Wells

Batch A7-1154 – A7-1193
Declared Content: Industrial Acid Solution
Status: Storage Yard Sector 7
Notes: Seal variance detected. Review postponed.