[chat dump]

where is anton
anyone seen him?

he said he would come
again didnt

stop asking
he will show up

he always says that

did anyone talk to him today?

no

he read my message
didnt answer

maybe phone dead

again?

he was different last time
quiet

yeah
not like before

he doesnt even yell now

thats bad

we still doing things or what?

we do
he doesnt

dont touch his stuff

who touched it?

not me

leave it
if he comes and sees shit moved we are dead

he is not coming

stop saying that

if he wasnt boss
we would be better

carl